<?xml version="1.0" encoding="UTF-8"?>
<!-- Generated by org.testng.reporters.JUnitXMLReporter -->
<testsuite hostname="DESKTOP-V4GQ2UC" ignored="7" name="Run Specific Group1" tests="2" failures="0" timestamp="14 May 2019 02:18:52 GMT" time="0.034" errors="0">
  <testcase name="TC5" time="0.006" classname="module6.Grouping"/>
  <testcase name="TC8" time="0.004" classname="module6.Grouping"/>
  <testcase name="TC4" time="0.0" classname="module6.Grouping">
    <ignored/>
  </testcase> <!-- TC4 -->
  <testcase name="TC6" time="0.0" classname="module6.Grouping">
    <ignored/>
  </testcase> <!-- TC6 -->
  <testcase name="TC7" time="0.0" classname="module6.Grouping">
    <ignored/>
  </testcase> <!-- TC7 -->
  <testcase name="TC1" time="0.0" classname="module6.Grouping">
    <ignored/>
  </testcase> <!-- TC1 -->
  <testcase name="TC2" time="0.0" classname="module6.Grouping">
    <ignored/>
  </testcase> <!-- TC2 -->
  <testcase name="TC3" time="0.0" classname="module6.Grouping">
    <ignored/>
  </testcase> <!-- TC3 -->
  <testcase name="TC9" time="0.0" classname="module6.Grouping">
    <ignored/>
  </testcase> <!-- TC9 -->
</testsuite> <!-- Run Specific Group1 -->
