<?xml version="1.0" encoding="UTF-8"?>
<!-- Generated by org.testng.reporters.JUnitXMLReporter -->
<testsuite hostname="DESKTOP-V4GQ2UC" ignored="5" name="Run Specific Group" tests="4" failures="0" timestamp="14 May 2019 02:18:52 GMT" time="0.128" errors="0">
  <testcase name="TC1" time="0.025" classname="module6.Grouping"/>
  <testcase name="TC4" time="0.007" classname="module6.Grouping"/>
  <testcase name="TC7" time="0.005" classname="module6.Grouping"/>
  <testcase name="TC9" time="0.006" classname="module6.Grouping"/>
  <testcase name="TC5" time="0.0" classname="module6.Grouping">
    <ignored/>
  </testcase> <!-- TC5 -->
  <testcase name="TC6" time="0.0" classname="module6.Grouping">
    <ignored/>
  </testcase> <!-- TC6 -->
  <testcase name="TC2" time="0.0" classname="module6.Grouping">
    <ignored/>
  </testcase> <!-- TC2 -->
  <testcase name="TC3" time="0.0" classname="module6.Grouping">
    <ignored/>
  </testcase> <!-- TC3 -->
  <testcase name="TC8" time="0.0" classname="module6.Grouping">
    <ignored/>
  </testcase> <!-- TC8 -->
</testsuite> <!-- Run Specific Group -->
