<?xml version="1.0" encoding="UTF-8"?>
<!-- Generated by org.testng.reporters.JUnitXMLReporter -->
<testsuite hostname="DESKTOP-V4GQ2UC" ignored="0" name="Default test" tests="9" failures="0" timestamp="17 May 2019 03:37:03 GMT" time="78.305" errors="0">
  <testcase name="FormFill" time="6.204" classname="module9.TestCase.DDT"/>
  <testcase name="FormFill" time="5.897" classname="module9.TestCase.DDT"/>
  <testcase name="FormFill" time="5.687" classname="module9.TestCase.DDT"/>
  <testcase name="FormFill" time="5.524" classname="module9.TestCase.DDT"/>
  <testcase name="FormFill" time="5.566" classname="module9.TestCase.DDT"/>
  <testcase name="FormFill" time="5.729" classname="module9.TestCase.DDT"/>
  <testcase name="FormFill" time="5.542" classname="module9.TestCase.DDT"/>
  <testcase name="FormFill" time="5.575" classname="module9.TestCase.DDT"/>
  <testcase name="FormFill" time="5.508" classname="module9.TestCase.DDT"/>
</testsuite> <!-- Default test -->
