<?xml version="1.0" encoding="UTF-8"?>
<!-- Generated by org.testng.reporters.JUnitXMLReporter -->
<testsuite hostname="DESKTOP-V4GQ2UC" ignored="0" name="IE" tests="1" failures="1" timestamp="14 May 2019 02:58:35 GMT" time="11.693" errors="0">
  <testcase name="@AfterTest closeBrowser" time="0.001" classname="module6.Scenario3">
    <failure type="java.lang.NullPointerException">
      <![CDATA[java.lang.NullPointerException
at module6.Scenario3.closeBrowser(Scenario3.java:51)
... Removed 24 stack frames]]>
    </failure>
  </testcase> <!-- @AfterTest closeBrowser -->
  <testcase name="login_TestCase" time="0.02" classname="module6.Scenario3">
    <failure type="java.lang.NullPointerException">
      <![CDATA[java.lang.NullPointerException
at module6.Scenario3.login_TestCase(Scenario3.java:45)
... Removed 25 stack frames]]>
    </failure>
  </testcase> <!-- login_TestCase -->
</testsuite> <!-- IE -->
