<?xml version="1.0" encoding="UTF-8"?>
<testng-results skipped="0" failed="0" ignored="0" total="2" passed="2">
  <reporter-output>
  </reporter-output>
  <suite name="ParallelTesting" duration-ms="30638" started-at="2019-05-14T03:15:09Z" finished-at="2019-05-14T03:15:39Z">
    <groups>
    </groups>
    <test name="Chrome1" duration-ms="19932" started-at="2019-05-14T03:15:09Z" finished-at="2019-05-14T03:15:29Z">
      <class name="module6.Scenario3">
        <test-method status="PASS" signature="openBrowser(java.lang.String)[pri:0, instance:module6.Scenario3@34c4973]" name="openBrowser" is-config="true" duration-ms="7800" started-at="2019-05-14T03:15:09Z" finished-at="2019-05-14T03:15:17Z">
          <params>
            <param index="0">
              <value>
                <![CDATA[Chrome]]>
              </value>
            </param>
          </params>
          <reporter-output>
          </reporter-output>
        </test-method> <!-- openBrowser -->
        <test-method status="PASS" signature="login_TestCase()[pri:0, instance:module6.Scenario3@34c4973]" name="login_TestCase" duration-ms="10973" started-at="2019-05-14T03:15:17Z" finished-at="2019-05-14T03:15:28Z">
          <reporter-output>
          </reporter-output>
        </test-method> <!-- login_TestCase -->
        <test-method status="PASS" signature="closeBrowser()[pri:0, instance:module6.Scenario3@34c4973]" name="closeBrowser" is-config="true" duration-ms="1079" started-at="2019-05-14T03:15:28Z" finished-at="2019-05-14T03:15:29Z">
          <reporter-output>
          </reporter-output>
        </test-method> <!-- closeBrowser -->
      </class> <!-- module6.Scenario3 -->
    </test> <!-- Chrome1 -->
    <test name="Chrome2" duration-ms="30638" started-at="2019-05-14T03:15:09Z" finished-at="2019-05-14T03:15:39Z">
      <class name="module6.Scenario3">
        <test-method status="PASS" signature="openBrowser(java.lang.String)[pri:0, instance:module6.Scenario3@3e57cd70]" name="openBrowser" is-config="true" duration-ms="23417" started-at="2019-05-14T03:15:09Z" finished-at="2019-05-14T03:15:32Z">
          <params>
            <param index="0">
              <value>
                <![CDATA[Firefox]]>
              </value>
            </param>
          </params>
          <reporter-output>
          </reporter-output>
        </test-method> <!-- openBrowser -->
        <test-method status="PASS" signature="login_TestCase()[pri:0, instance:module6.Scenario3@3e57cd70]" name="login_TestCase" duration-ms="3384" started-at="2019-05-14T03:15:32Z" finished-at="2019-05-14T03:15:36Z">
          <reporter-output>
          </reporter-output>
        </test-method> <!-- login_TestCase -->
        <test-method status="PASS" signature="closeBrowser()[pri:0, instance:module6.Scenario3@3e57cd70]" name="closeBrowser" is-config="true" duration-ms="3825" started-at="2019-05-14T03:15:36Z" finished-at="2019-05-14T03:15:39Z">
          <reporter-output>
          </reporter-output>
        </test-method> <!-- closeBrowser -->
      </class> <!-- module6.Scenario3 -->
    </test> <!-- Chrome2 -->
  </suite> <!-- ParallelTesting -->
</testng-results>
